# JRE version: OpenJDK Runtime Environment Temurin-21.0.10+7 (21.0.10+7) (build 21.0.10+7-LTS)
# Java VM: OpenJDK 64-Bit Server VM Temurin-21.0.10+7 (21.0.10+7-LTS, mixed mode, sharing, tiered, compressed oops, compressed class ptrs, g1 gc, windows-amd64)
GC Precious Log:
 CardTable entry size: 512
 Card Set container configuration: InlinePtr #cards 4 size 8 Array Of Cards #cards 16 size 48 Howl #buckets 8 coarsen threshold 3686 Howl Bitmap #cards 512 size 80 coarsen threshold 460 Card regions per heap region 1 cards per card region 4096
 CPUs: 16 total, 16 available
 Memory: 15789M
 Large Page Support: Disabled
 NUMA Support: Disabled
 Compressed Oops: Enabled (Zero based)
 Heap Region Size: 2M
 Heap Min Capacity: 8M
 Heap Initial Capacity: 248M
 Heap Max Capacity: 4G
 Pre-touch: Disabled
 Parallel Workers: 13
 Concurrent Workers: 3
 Concurrent Refinement Workers: 13
 Periodic GC: Disabled
Heap:
 garbage-first heap   total 141312K, used 90170K [0x0000000700000000, 0x0000000800000000)
  region size 2048K, 8 young (16384K), 3 survivors (6144K)
 Metaspace       used 85755K, committed 87936K, reserved 557056K
  class space    used 11977K, committed 13056K, reserved 425984K
GC Heap History (20 events):
Event: 21.455 GC heap before
{Heap before GC invocations=14 (full 0):
 garbage-first heap   total 116736K, used 59189K [0x0000000700000000, 0x0000000800000000)
  region size 2048K, 5 young (10240K), 4 survivors (8192K)
 Metaspace       used 58755K, committed 60608K, reserved 491520K
  class space    used 8391K, committed 9344K, reserved 425984K
}
Event: 21.461 GC heap after
{Heap after GC invocations=15 (full 0):
 garbage-first heap   total 116736K, used 61160K [0x0000000700000000, 0x0000000800000000)
  region size 2048K, 1 young (2048K), 1 survivors (2048K)
 Metaspace       used 58755K, committed 60608K, reserved 491520K
  class space    used 8391K, committed 9344K, reserved 425984K
}
Event: 23.075 GC heap before
{Heap before GC invocations=16 (full 0):
 garbage-first heap   total 116736K, used 102120K [0x0000000700000000, 0x0000000800000000)
  region size 2048K, 21 young (43008K), 1 survivors (2048K)
 Metaspace       used 62661K, committed 64512K, reserved 491520K
  class space    used 8925K, committed 9856K, reserved 425984K
}
Event: 23.079 GC heap after
{Heap after GC invocations=17 (full 0):
 garbage-first heap   total 116736K, used 63332K [0x0000000700000000, 0x0000000800000000)
  region size 2048K, 2 young (4096K), 2 survivors (4096K)
 Metaspace       used 62661K, committed 64512K, reserved 491520K
  class space    used 8925K, committed 9856K, reserved 425984K
}
Event: 24.085 GC heap before
{Heap before GC invocations=17 (full 0):
 garbage-first heap   total 116736K, used 102244K [0x0000000700000000, 0x0000000800000000)
  region size 2048K, 21 young (43008K), 2 survivors (4096K)
 Metaspace       used 65357K, committed 67200K, reserved 491520K
  class space    used 9277K, committed 10176K, reserved 425984K
}
Event: 24.090 GC heap after
{Heap after GC invocations=18 (full 0):
 garbage-first heap   total 116736K, used 63984K [0x0000000700000000, 0x0000000800000000)
  region size 2048K, 1 young (2048K), 1 survivors (2048K)
 Metaspace       used 65357K, committed 67200K, reserved 491520K
  class space    used 9277K, committed 10176K, reserved 425984K
}
Event: 25.169 GC heap before
{Heap before GC invocations=18 (full 0):
 garbage-first heap   total 116736K, used 104944K [0x0000000700000000, 0x0000000800000000)
  region size 2048K, 21 young (43008K), 1 survivors (2048K)
 Metaspace       used 68789K, committed 70848K, reserved 491520K
  class space    used 9847K, committed 10880K, reserved 425984K
}
Event: 25.174 GC heap after
{Heap after GC invocations=19 (full 0):
 garbage-first heap   total 116736K, used 65450K [0x0000000700000000, 0x0000000800000000)
  region size 2048K, 2 young (4096K), 2 survivors (4096K)
 Metaspace       used 68789K, committed 70848K, reserved 491520K
  class space    used 9847K, committed 10880K, reserved 425984K
}
Event: 26.215 GC heap before
{Heap before GC invocations=20 (full 0):
 garbage-first heap   total 116736K, used 104362K [0x0000000700000000, 0x0000000800000000)
  region size 2048K, 21 young (43008K), 2 survivors (4096K)
 Metaspace       used 71109K, committed 73216K, reserved 491520K
  class space    used 10191K, committed 11264K, reserved 425984K
}
Event: 26.219 GC heap after
{Heap after GC invocations=21 (full 0):
 garbage-first heap   total 116736K, used 67034K [0x0000000700000000, 0x0000000800000000)
  region size 2048K, 3 young (6144K), 3 survivors (6144K)
 Metaspace       used 71109K, committed 73216K, reserved 491520K
  class space    used 10191K, committed 11264K, reserved 425984K
}
Event: 27.352 GC heap before
{Heap before GC invocations=21 (full 0):
 garbage-first heap   total 116736K, used 103898K [0x0000000700000000, 0x0000000800000000)
  region size 2048K, 22 young (45056K), 3 survivors (6144K)
 Metaspace       used 72948K, committed 75072K, reserved 491520K
  class space    used 10422K, committed 11456K, reserved 425984K
}
Event: 27.360 GC heap after
{Heap after GC invocations=22 (full 0):
 garbage-first heap   total 118784K, used 70688K [0x0000000700000000, 0x0000000800000000)
  region size 2048K, 3 young (6144K), 3 survivors (6144K)
 Metaspace       used 72948K, committed 75072K, reserved 491520K
  class space    used 10422K, committed 11456K, reserved 425984K
}
Event: 29.281 GC heap before
{Heap before GC invocations=22 (full 0):
 garbage-first heap   total 118784K, used 107552K [0x0000000700000000, 0x0000000800000000)
  region size 2048K, 21 young (43008K), 3 survivors (6144K)
 Metaspace       used 73958K, committed 76096K, reserved 491520K
  class space    used 10521K, committed 11584K, reserved 425984K
}
Event: 29.289 GC heap after
{Heap after GC invocations=23 (full 0):
 garbage-first heap   total 120832K, used 75502K [0x0000000700000000, 0x0000000800000000)
  region size 2048K, 3 young (6144K), 3 survivors (6144K)
 Metaspace       used 73958K, committed 76096K, reserved 491520K
  class space    used 10521K, committed 11584K, reserved 425984K
}
Event: 32.145 GC heap before
{Heap before GC invocations=24 (full 0):
 garbage-first heap   total 131072K, used 106222K [0x0000000700000000, 0x0000000800000000)
  region size 2048K, 19 young (38912K), 3 survivors (6144K)
 Metaspace       used 80323K, committed 82560K, reserved 557056K
  class space    used 11328K, committed 12416K, reserved 425984K
}
Event: 32.153 GC heap after
{Heap after GC invocations=25 (full 0):
 garbage-first heap   total 131072K, used 78652K [0x0000000700000000, 0x0000000800000000)
  region size 2048K, 2 young (4096K), 2 survivors (4096K)
 Metaspace       used 80323K, committed 82560K, reserved 557056K
  class space    used 11328K, committed 12416K, reserved 425984K
}
Event: 34.242 GC heap before
{Heap before GC invocations=25 (full 0):
 garbage-first heap   total 131072K, used 115516K [0x0000000700000000, 0x0000000800000000)
  region size 2048K, 21 young (43008K), 2 survivors (4096K)
 Metaspace       used 84803K, committed 86912K, reserved 557056K
  class space    used 11901K, committed 12928K, reserved 425984K
}
Event: 34.248 GC heap after
{Heap after GC invocations=26 (full 0):
 garbage-first heap   total 131072K, used 79813K [0x0000000700000000, 0x0000000800000000)
  region size 2048K, 3 young (6144K), 3 survivors (6144K)
 Metaspace       used 84803K, committed 86912K, reserved 557056K
  class space    used 11901K, committed 12928K, reserved 425984K
}
Event: 52.027 GC heap before
{Heap before GC invocations=26 (full 0):
 garbage-first heap   total 131072K, used 116677K [0x0000000700000000, 0x0000000800000000)
  region size 2048K, 21 young (43008K), 3 survivors (6144K)
 Metaspace       used 85640K, committed 87808K, reserved 557056K
  class space    used 11977K, committed 13056K, reserved 425984K
}
Event: 52.032 GC heap after
{Heap after GC invocations=27 (full 0):
 garbage-first heap   total 131072K, used 81978K [0x0000000700000000, 0x0000000800000000)
  region size 2048K, 3 young (6144K), 3 survivors (6144K)
 Metaspace       used 85640K, committed 87808K, reserved 557056K
  class space    used 11977K, committed 13056K, reserved 425984K
}

